
  .   ____          _            __ _ _
 /\\ / ___'_ __ _ _(_)_ __  __ _ \ \ \ \
( ( )\___ | '_ | '_| | '_ \/ _` | \ \ \ \
 \\/  ___)| |_)| | | | | || (_| |  ) ) ) )
  '  |____| .__|_| |_|_| |_\__, | / / / /
 =========|_|==============|___/=/_/_/_/

 :: Spring Boot ::                (v3.3.5)

2026-04-17T18:07:25.547-05:00  INFO 15248 --- [ai-consumption-platform] [           main] c.s.a.AiConsumptionPlatformApplication   : Starting AiConsumptionPlatformApplication v0.0.1-SNAPSHOT using Java 21.0.10 with PID 15248 (C:\Users\ASUS\Desktop\4 semestre\Patrones de software\Taller proxy\PlataformaConsumoIA\BACKEND\target\ai-consumption-platform-0.0.1-SNAPSHOT.jar started by ASUS in C:\Users\ASUS\Desktop\4 semestre\Patrones de software\Taller proxy\PlataformaConsumoIA\BACKEND)
2026-04-17T18:07:25.551-05:00  INFO 15248 --- [ai-consumption-platform] [           main] c.s.a.AiConsumptionPlatformApplication   : No active profile set, falling back to 1 default profile: "default"
2026-04-17T18:07:26.507-05:00  INFO 15248 --- [ai-consumption-platform] [           main] .s.d.r.c.RepositoryConfigurationDelegate : Bootstrapping Spring Data JPA repositories in DEFAULT mode.
2026-04-17T18:07:26.575-05:00  INFO 15248 --- [ai-consumption-platform] [           main] .s.d.r.c.RepositoryConfigurationDelegate : Finished Spring Data repository scanning in 54 ms. Found 4 JPA repository interfaces.
2026-04-17T18:07:27.185-05:00  INFO 15248 --- [ai-consumption-platform] [           main] o.s.b.w.embedded.tomcat.TomcatWebServer  : Tomcat initialized with port 8082 (http)
2026-04-17T18:07:27.209-05:00  INFO 15248 --- [ai-consumption-platform] [           main] o.apache.catalina.core.StandardService   : Starting service [Tomcat]
2026-04-17T18:07:27.209-05:00  INFO 15248 --- [ai-consumption-platform] [           main] o.apache.catalina.core.StandardEngine    : Starting Servlet engine: [Apache Tomcat/10.1.31]
2026-04-17T18:07:27.255-05:00  INFO 15248 --- [ai-consumption-platform] [           main] o.a.c.c.C.[Tomcat].[localhost].[/]       : Initializing Spring embedded WebApplicationContext
2026-04-17T18:07:27.257-05:00  INFO 15248 --- [ai-consumption-platform] [           main] w.s.c.ServletWebServerApplicationContext : Root WebApplicationContext: initialization completed in 1656 ms
2026-04-17T18:07:27.459-05:00  INFO 15248 --- [ai-consumption-platform] [           main] o.hibernate.jpa.internal.util.LogHelper  : HHH000204: Processing PersistenceUnitInfo [name: default]
2026-04-17T18:07:27.545-05:00  INFO 15248 --- [ai-consumption-platform] [           main] org.hibernate.Version                    : HHH000412: Hibernate ORM core version 6.5.3.Final
2026-04-17T18:07:27.602-05:00  INFO 15248 --- [ai-consumption-platform] [           main] o.h.c.internal.RegionFactoryInitiator    : HHH000026: Second-level cache disabled
2026-04-17T18:07:28.013-05:00  INFO 15248 --- [ai-consumption-platform] [           main] o.s.o.j.p.SpringPersistenceUnitInfo      : No LoadTimeWeaver setup: ignoring JPA class transformer
2026-04-17T18:07:28.055-05:00  INFO 15248 --- [ai-consumption-platform] [           main] com.zaxxer.hikari.HikariDataSource       : HikariPool-1 - Starting...
2026-04-17T18:07:28.386-05:00  INFO 15248 --- [ai-consumption-platform] [           main] com.zaxxer.hikari.pool.HikariPool        : HikariPool-1 - Added connection conn1: url=jdbc:h2:file:./data/aiconsumptiondb user=SA
2026-04-17T18:07:28.391-05:00  INFO 15248 --- [ai-consumption-platform] [           main] com.zaxxer.hikari.HikariDataSource       : HikariPool-1 - Start completed.
2026-04-17T18:07:29.140-05:00  INFO 15248 --- [ai-consumption-platform] [           main] o.h.e.t.j.p.i.JtaPlatformInitiator       : HHH000489: No JTA platform available (set 'hibernate.transaction.jta.platform' to enable JTA platform integration)
2026-04-17T18:07:29.181-05:00  INFO 15248 --- [ai-consumption-platform] [           main] j.LocalContainerEntityManagerFactoryBean : Initialized JPA EntityManagerFactory for persistence unit 'default'
2026-04-17T18:07:30.553-05:00  INFO 15248 --- [ai-consumption-platform] [           main] o.s.b.w.embedded.tomcat.TomcatWebServer  : Tomcat started on port 8082 (http) with context path '/'
2026-04-17T18:07:30.585-05:00  INFO 15248 --- [ai-consumption-platform] [           main] c.s.a.AiConsumptionPlatformApplication   : Started AiConsumptionPlatformApplication in 5.414 seconds (process running for 5.998)
2026-04-17T18:07:42.292-05:00  INFO 15248 --- [ai-consumption-platform] [nio-8082-exec-1] o.a.c.c.C.[Tomcat].[localhost].[/]       : Initializing Spring DispatcherServlet 'dispatcherServlet'
2026-04-17T18:07:42.292-05:00  INFO 15248 --- [ai-consumption-platform] [nio-8082-exec-1] o.s.web.servlet.DispatcherServlet        : Initializing Servlet 'dispatcherServlet'
2026-04-17T18:07:42.292-05:00  INFO 15248 --- [ai-consumption-platform] [nio-8082-exec-1] o.s.web.servlet.DispatcherServlet        : Completed initialization in 0 ms
