
  .   ____          _            __ _ _
 /\\ / ___'_ __ _ _(_)_ __  __ _ \ \ \ \
( ( )\___ | '_ | '_| | '_ \/ _` | \ \ \ \
 \\/  ___)| |_)| | | | | || (_| |  ) ) ) )
  '  |____| .__|_| |_|_| |_\__, | / / / /
 =========|_|==============|___/=/_/_/_/

 :: Spring Boot ::                (v3.3.5)

2026-04-17T18:00:49.453-05:00  INFO 1896 --- [ai-consumption-platform] [           main] c.s.a.AiConsumptionPlatformApplication   : Starting AiConsumptionPlatformApplication v0.0.1-SNAPSHOT using Java 21.0.10 with PID 1896 (C:\Users\ASUS\Desktop\4 semestre\Patrones de software\Taller proxy\PlataformaConsumoIA\BACKEND\target\ai-consumption-platform-0.0.1-SNAPSHOT.jar started by ASUS in C:\Users\ASUS\Desktop\4 semestre\Patrones de software\Taller proxy\PlataformaConsumoIA\BACKEND)
2026-04-17T18:00:49.459-05:00  INFO 1896 --- [ai-consumption-platform] [           main] c.s.a.AiConsumptionPlatformApplication   : No active profile set, falling back to 1 default profile: "default"
2026-04-17T18:00:50.691-05:00  INFO 1896 --- [ai-consumption-platform] [           main] .s.d.r.c.RepositoryConfigurationDelegate : Bootstrapping Spring Data JPA repositories in DEFAULT mode.
2026-04-17T18:00:50.786-05:00  INFO 1896 --- [ai-consumption-platform] [           main] .s.d.r.c.RepositoryConfigurationDelegate : Finished Spring Data repository scanning in 64 ms. Found 4 JPA repository interfaces.
2026-04-17T18:00:51.503-05:00  INFO 1896 --- [ai-consumption-platform] [           main] o.s.b.w.embedded.tomcat.TomcatWebServer  : Tomcat initialized with port 8080 (http)
2026-04-17T18:00:51.542-05:00  INFO 1896 --- [ai-consumption-platform] [           main] o.apache.catalina.core.StandardService   : Starting service [Tomcat]
2026-04-17T18:00:51.542-05:00  INFO 1896 --- [ai-consumption-platform] [           main] o.apache.catalina.core.StandardEngine    : Starting Servlet engine: [Apache Tomcat/10.1.31]
2026-04-17T18:00:51.587-05:00  INFO 1896 --- [ai-consumption-platform] [           main] o.a.c.c.C.[Tomcat].[localhost].[/]       : Initializing Spring embedded WebApplicationContext
2026-04-17T18:00:51.590-05:00  INFO 1896 --- [ai-consumption-platform] [           main] w.s.c.ServletWebServerApplicationContext : Root WebApplicationContext: initialization completed in 2071 ms
2026-04-17T18:00:51.627-05:00  INFO 1896 --- [ai-consumption-platform] [           main] com.zaxxer.hikari.HikariDataSource       : HikariPool-1 - Starting...
2026-04-17T18:00:52.153-05:00  INFO 1896 --- [ai-consumption-platform] [           main] com.zaxxer.hikari.pool.HikariPool        : HikariPool-1 - Added connection conn1: url=jdbc:h2:file:./data/aiconsumptiondb user=SA
2026-04-17T18:00:52.185-05:00  INFO 1896 --- [ai-consumption-platform] [           main] com.zaxxer.hikari.HikariDataSource       : HikariPool-1 - Start completed.
2026-04-17T18:00:52.195-05:00  INFO 1896 --- [ai-consumption-platform] [           main] o.s.b.a.h2.H2ConsoleAutoConfiguration    : H2 console available at '/h2-console'. Database available at 'jdbc:h2:file:./data/aiconsumptiondb'
2026-04-17T18:00:52.400-05:00  INFO 1896 --- [ai-consumption-platform] [           main] o.hibernate.jpa.internal.util.LogHelper  : HHH000204: Processing PersistenceUnitInfo [name: default]
2026-04-17T18:00:52.488-05:00  INFO 1896 --- [ai-consumption-platform] [           main] org.hibernate.Version                    : HHH000412: Hibernate ORM core version 6.5.3.Final
2026-04-17T18:00:52.544-05:00  INFO 1896 --- [ai-consumption-platform] [           main] o.h.c.internal.RegionFactoryInitiator    : HHH000026: Second-level cache disabled
2026-04-17T18:00:53.055-05:00  INFO 1896 --- [ai-consumption-platform] [           main] o.s.o.j.p.SpringPersistenceUnitInfo      : No LoadTimeWeaver setup: ignoring JPA class transformer
2026-04-17T18:00:54.002-05:00  INFO 1896 --- [ai-consumption-platform] [           main] o.h.e.t.j.p.i.JtaPlatformInitiator       : HHH000489: No JTA platform available (set 'hibernate.transaction.jta.platform' to enable JTA platform integration)
2026-04-17T18:00:54.054-05:00  INFO 1896 --- [ai-consumption-platform] [           main] j.LocalContainerEntityManagerFactoryBean : Initialized JPA EntityManagerFactory for persistence unit 'default'
2026-04-17T18:00:55.312-05:00  WARN 1896 --- [ai-consumption-platform] [           main] ConfigServletWebServerApplicationContext : Exception encountered during context initialization - cancelling refresh attempt: org.springframework.context.ApplicationContextException: Failed to start bean 'webServerStartStop'
2026-04-17T18:00:55.317-05:00  INFO 1896 --- [ai-consumption-platform] [           main] j.LocalContainerEntityManagerFactoryBean : Closing JPA EntityManagerFactory for persistence unit 'default'
2026-04-17T18:00:55.321-05:00  INFO 1896 --- [ai-consumption-platform] [           main] com.zaxxer.hikari.HikariDataSource       : HikariPool-1 - Shutdown initiated...
2026-04-17T18:00:55.326-05:00  INFO 1896 --- [ai-consumption-platform] [           main] com.zaxxer.hikari.HikariDataSource       : HikariPool-1 - Shutdown completed.
2026-04-17T18:00:55.350-05:00  INFO 1896 --- [ai-consumption-platform] [           main] .s.b.a.l.ConditionEvaluationReportLogger : 

Error starting ApplicationContext. To display the condition evaluation report re-run your application with 'debug' enabled.
2026-04-17T18:00:55.369-05:00 ERROR 1896 --- [ai-consumption-platform] [           main] o.s.b.d.LoggingFailureAnalysisReporter   : 

***************************
APPLICATION FAILED TO START
***************************

Description:

Web server failed to start. Port 8080 was already in use.

Action:

Identify and stop the process that's listening on port 8080 or configure this application to listen on another port.

